<?xml version="1.0" encoding="UTF-8"?>
<coverage generated="1606475327724" clover="3.2.0">
  <project timestamp="1606475327724" name="All files">
    <metrics statements="2" coveredstatements="2" conditionals="0" coveredconditionals="0" methods="0" coveredmethods="0" elements="2" coveredelements="2" complexity="0" loc="2" ncloc="2" packages="1" files="1" classes="1"/>
    <file name="EdgeData.ts" path="/Users/momo/Documents/GitHub/data-structures-algorithm-typescript/tests/graph/EdgeData.ts">
      <metrics statements="2" coveredstatements="2" conditionals="0" coveredconditionals="0" methods="0" coveredmethods="0"/>
      <line num="3" count="7" type="stmt"/>
      <line num="21" count="7" type="stmt"/>
    </file>
  </project>
</coverage>
