<?xml version="1.0" encoding="UTF-8"?>
<coverage generated="1606813137714" clover="3.2.0">
  <project timestamp="1606813137714" name="All files">
    <metrics statements="47" coveredstatements="47" conditionals="16" coveredconditionals="16" methods="6" coveredmethods="6" elements="69" coveredelements="69" complexity="0" loc="47" ncloc="47" packages="2" files="3" classes="3"/>
    <package name="SourceCode.Graph">
      <metrics statements="43" coveredstatements="43" conditionals="16" coveredconditionals="16" methods="6" coveredmethods="6"/>
      <file name="Biconnectivity.ts" path="/Users/momo/Documents/GitHub/Data-Structures-and-Algorithm-Analysis-in-TS/SourceCode/Graph/Biconnectivity.ts">
        <metrics statements="26" coveredstatements="26" conditionals="8" coveredconditionals="8" methods="3" coveredmethods="3"/>
        <line num="5" count="1" type="stmt"/>
        <line num="7" count="1" type="stmt"/>
        <line num="8" count="2" type="stmt"/>
        <line num="9" count="2" type="stmt"/>
        <line num="10" count="2" type="stmt"/>
        <line num="11" count="2" type="stmt"/>
        <line num="12" count="2" type="stmt"/>
        <line num="13" count="2" type="stmt"/>
        <line num="14" count="2" type="stmt"/>
        <line num="15" count="2" type="stmt"/>
        <line num="16" count="2" type="stmt"/>
        <line num="17" count="2" type="stmt"/>
        <line num="30" count="12" type="stmt"/>
        <line num="31" count="12" type="stmt"/>
        <line num="32" count="12" type="stmt"/>
        <line num="33" count="12" type="stmt"/>
        <line num="34" count="12" type="stmt"/>
        <line num="35" count="30" type="cond" truecount="2" falsecount="0"/>
        <line num="36" count="10" type="stmt"/>
        <line num="37" count="10" type="stmt"/>
        <line num="38" count="10" type="stmt"/>
        <line num="39" count="10" type="cond" truecount="2" falsecount="0"/>
        <line num="40" count="4" type="cond" truecount="2" falsecount="0"/>
        <line num="41" count="2" type="stmt"/>
        <line num="44" count="20" type="cond" truecount="2" falsecount="0"/>
        <line num="45" count="10" type="stmt"/>
      </file>
      <file name="UndirectedGraph.ts" path="/Users/momo/Documents/GitHub/Data-Structures-and-Algorithm-Analysis-in-TS/SourceCode/Graph/UndirectedGraph.ts">
        <metrics statements="17" coveredstatements="17" conditionals="8" coveredconditionals="8" methods="3" coveredmethods="3"/>
        <line num="3" count="4" type="stmt"/>
        <line num="5" count="4" type="stmt"/>
        <line num="7" count="6" type="stmt"/>
        <line num="11" count="72" type="cond" truecount="2" falsecount="0"/>
        <line num="12" count="1" type="stmt"/>
        <line num="14" count="71" type="stmt"/>
        <line num="15" count="71" type="cond" truecount="2" falsecount="0"/>
        <line num="16" count="1" type="stmt"/>
        <line num="18" count="70" type="stmt"/>
        <line num="19" count="70" type="stmt"/>
        <line num="22" count="9" type="cond" truecount="2" falsecount="0"/>
        <line num="23" count="1" type="stmt"/>
        <line num="25" count="8" type="stmt"/>
        <line num="26" count="8" type="cond" truecount="2" falsecount="0"/>
        <line num="27" count="3" type="stmt"/>
        <line num="29" count="5" type="stmt"/>
        <line num="30" count="5" type="stmt"/>
      </file>
    </package>
    <package name="Tests.Graph">
      <metrics statements="4" coveredstatements="4" conditionals="0" coveredconditionals="0" methods="0" coveredmethods="0"/>
      <file name="EdgeData.ts" path="/Users/momo/Documents/GitHub/Data-Structures-and-Algorithm-Analysis-in-TS/Tests/Graph/EdgeData.ts">
        <metrics statements="4" coveredstatements="4" conditionals="0" coveredconditionals="0" methods="0" coveredmethods="0"/>
        <line num="3" count="10" type="stmt"/>
        <line num="21" count="10" type="stmt"/>
        <line num="36" count="10" type="stmt"/>
        <line num="46" count="10" type="stmt"/>
      </file>
    </package>
  </project>
</coverage>
