{"/Users/momo/Documents/GitHub/data-structures-algorithm-typescript/SourceCode/graph/NetworkFlow.ts": {"path":"/Users/momo/Documents/GitHub/data-structures-algorithm-typescript/SourceCode/graph/NetworkFlow.ts","statementMap":{"0":{"start":{"line":13,"column":27},"end":{"line":13,"column":46}},"1":{"start":{"line":14,"column":21},"end":{"line":14,"column":51}},"2":{"start":{"line":15,"column":4},"end":{"line":19,"column":6}},"3":{"start":{"line":16,"column":8},"end":{"line":18,"column":10}},"4":{"start":{"line":17,"column":12},"end":{"line":17,"column":78}},"5":{"start":{"line":20,"column":4},"end":{"line":20,"column":25}},"6":{"start":{"line":32,"column":4},"end":{"line":36,"column":5}},"7":{"start":{"line":33,"column":8},"end":{"line":33,"column":22}},"8":{"start":{"line":34,"column":8},"end":{"line":34,"column":35}},"9":{"start":{"line":35,"column":8},"end":{"line":35,"column":19}},"10":{"start":{"line":39,"column":4},"end":{"line":64,"column":5}},"11":{"start":{"line":40,"column":8},"end":{"line":40,"column":55}},"12":{"start":{"line":41,"column":8},"end":{"line":41,"column":55}},"13":{"start":{"line":43,"column":8},"end":{"line":43,"column":25}},"14":{"start":{"line":44,"column":8},"end":{"line":44,"column":25}},"15":{"start":{"line":45,"column":8},"end":{"line":59,"column":10}},"16":{"start":{"line":46,"column":12},"end":{"line":48,"column":13}},"17":{"start":{"line":47,"column":16},"end":{"line":47,"column":22}},"18":{"start":{"line":49,"column":37},"end":{"line":49,"column":39}},"19":{"start":{"line":50,"column":12},"end":{"line":50,"column":39}},"20":{"start":{"line":51,"column":28},"end":{"line":51,"column":115}},"21":{"start":{"line":52,"column":12},"end":{"line":57,"column":13}},"22":{"start":{"line":53,"column":16},"end":{"line":56,"column":17}},"23":{"start":{"line":53,"column":29},"end":{"line":53,"column":30}},"24":{"start":{"line":54,"column":20},"end":{"line":54,"column":63}},"25":{"start":{"line":55,"column":20},"end":{"line":55,"column":46}},"26":{"start":{"line":58,"column":12},"end":{"line":58,"column":39}},"27":{"start":{"line":60,"column":8},"end":{"line":63,"column":9}},"28":{"start":{"line":65,"column":4},"end":{"line":67,"column":6}},"29":{"start":{"line":66,"column":8},"end":{"line":66,"column":55}},"30":{"start":{"line":68,"column":4},"end":{"line":70,"column":6}},"31":{"start":{"line":69,"column":8},"end":{"line":69,"column":41}},"32":{"start":{"line":71,"column":4},"end":{"line":71,"column":34}},"33":{"start":{"line":79,"column":30},"end":{"line":79,"column":32}},"34":{"start":{"line":80,"column":30},"end":{"line":80,"column":32}},"35":{"start":{"line":81,"column":37},"end":{"line":81,"column":39}},"36":{"start":{"line":82,"column":21},"end":{"line":82,"column":51}},"37":{"start":{"line":83,"column":20},"end":{"line":89,"column":6}},"38":{"start":{"line":84,"column":8},"end":{"line":88,"column":9}},"39":{"start":{"line":85,"column":12},"end":{"line":85,"column":20}},"40":{"start":{"line":87,"column":12},"end":{"line":87,"column":20}},"41":{"start":{"line":90,"column":4},"end":{"line":90,"column":84}},"42":{"start":{"line":91,"column":20},"end":{"line":91,"column":21}},"43":{"start":{"line":92,"column":23},"end":{"line":92,"column":24}},"44":{"start":{"line":93,"column":4},"end":{"line":105,"column":5}},"45":{"start":{"line":93,"column":17},"end":{"line":93,"column":18}},"46":{"start":{"line":94,"column":21},"end":{"line":94,"column":29}},"47":{"start":{"line":95,"column":24},"end":{"line":95,"column":32}},"48":{"start":{"line":96,"column":8},"end":{"line":100,"column":9}},"49":{"start":{"line":96,"column":21},"end":{"line":96,"column":22}},"50":{"start":{"line":97,"column":12},"end":{"line":99,"column":13}},"51":{"start":{"line":98,"column":16},"end":{"line":98,"column":35}},"52":{"start":{"line":101,"column":8},"end":{"line":104,"column":9}},"53":{"start":{"line":102,"column":12},"end":{"line":102,"column":33}},"54":{"start":{"line":103,"column":12},"end":{"line":103,"column":28}},"55":{"start":{"line":106,"column":17},"end":{"line":106,"column":42}},"56":{"start":{"line":107,"column":17},"end":{"line":107,"column":42}},"57":{"start":{"line":108,"column":4},"end":{"line":112,"column":5}},"58":{"start":{"line":116,"column":26},"end":{"line":116,"column":58}},"59":{"start":{"line":117,"column":17},"end":{"line":117,"column":18}},"60":{"start":{"line":118,"column":4},"end":{"line":133,"column":5}},"61":{"start":{"line":119,"column":37},"end":{"line":119,"column":101}},"62":{"start":{"line":120,"column":8},"end":{"line":122,"column":9}},"63":{"start":{"line":121,"column":12},"end":{"line":121,"column":17}},"64":{"start":{"line":123,"column":8},"end":{"line":131,"column":9}},"65":{"start":{"line":123,"column":21},"end":{"line":123,"column":22}},"66":{"start":{"line":124,"column":35},"end":{"line":124,"column":46}},"67":{"start":{"line":125,"column":33},"end":{"line":125,"column":40}},"68":{"start":{"line":126,"column":12},"end":{"line":126,"column":66}},"69":{"start":{"line":127,"column":12},"end":{"line":127,"column":71}},"70":{"start":{"line":128,"column":12},"end":{"line":130,"column":13}},"71":{"start":{"line":129,"column":16},"end":{"line":129,"column":89}},"72":{"start":{"line":132,"column":8},"end":{"line":132,"column":24}},"73":{"start":{"line":135,"column":4},"end":{"line":135,"column":17}}},"fnMap":{"0":{"name":"copyDirectedGraph","decl":{"start":{"line":12,"column":16},"end":{"line":12,"column":33}},"loc":{"start":{"line":12,"column":79},"end":{"line":21,"column":1}},"line":12},"1":{"name":"(anonymous_1)","decl":{"start":{"line":15,"column":21},"end":{"line":15,"column":22}},"loc":{"start":{"line":15,"column":35},"end":{"line":19,"column":5}},"line":15},"2":{"name":"(anonymous_2)","decl":{"start":{"line":16,"column":54},"end":{"line":16,"column":55}},"loc":{"start":{"line":16,"column":106},"end":{"line":18,"column":9}},"line":16},"3":{"name":"dfs","decl":{"start":{"line":23,"column":9},"end":{"line":23,"column":12}},"loc":{"start":{"line":31,"column":11},"end":{"line":72,"column":1}},"line":31},"4":{"name":"(anonymous_4)","decl":{"start":{"line":45,"column":57},"end":{"line":45,"column":58}},"loc":{"start":{"line":45,"column":109},"end":{"line":59,"column":9}},"line":45},"5":{"name":"(anonymous_5)","decl":{"start":{"line":65,"column":25},"end":{"line":65,"column":26}},"loc":{"start":{"line":65,"column":40},"end":{"line":67,"column":5}},"line":65},"6":{"name":"(anonymous_6)","decl":{"start":{"line":68,"column":25},"end":{"line":68,"column":26}},"loc":{"start":{"line":68,"column":42},"end":{"line":70,"column":5}},"line":68},"7":{"name":"searchMaxAugmentingPath","decl":{"start":{"line":74,"column":16},"end":{"line":74,"column":39}},"loc":{"start":{"line":78,"column":52},"end":{"line":113,"column":1}},"line":78},"8":{"name":"(anonymous_8)","decl":{"start":{"line":83,"column":33},"end":{"line":83,"column":34}},"loc":{"start":{"line":83,"column":47},"end":{"line":89,"column":5}},"line":83},"9":{"name":"maximumFlow","decl":{"start":{"line":115,"column":24},"end":{"line":115,"column":35}},"loc":{"start":{"line":115,"column":116},"end":{"line":136,"column":1}},"line":115}},"branchMap":{"0":{"loc":{"start":{"line":32,"column":4},"end":{"line":36,"column":5}},"type":"if","locations":[{"start":{"line":32,"column":4},"end":{"line":36,"column":5}},{"start":{"line":32,"column":4},"end":{"line":36,"column":5}}],"line":32},"1":{"loc":{"start":{"line":39,"column":4},"end":{"line":64,"column":5}},"type":"if","locations":[{"start":{"line":39,"column":4},"end":{"line":64,"column":5}},{"start":{"line":39,"column":4},"end":{"line":64,"column":5}}],"line":39},"2":{"loc":{"start":{"line":46,"column":12},"end":{"line":48,"column":13}},"type":"if","locations":[{"start":{"line":46,"column":12},"end":{"line":48,"column":13}},{"start":{"line":46,"column":12},"end":{"line":48,"column":13}}],"line":46},"3":{"loc":{"start":{"line":52,"column":12},"end":{"line":57,"column":13}},"type":"if","locations":[{"start":{"line":52,"column":12},"end":{"line":57,"column":13}},{"start":{"line":52,"column":12},"end":{"line":57,"column":13}}],"line":52},"4":{"loc":{"start":{"line":84,"column":8},"end":{"line":88,"column":9}},"type":"if","locations":[{"start":{"line":84,"column":8},"end":{"line":88,"column":9}},{"start":{"line":84,"column":8},"end":{"line":88,"column":9}}],"line":84},"5":{"loc":{"start":{"line":97,"column":12},"end":{"line":99,"column":13}},"type":"if","locations":[{"start":{"line":97,"column":12},"end":{"line":99,"column":13}},{"start":{"line":97,"column":12},"end":{"line":99,"column":13}}],"line":97},"6":{"loc":{"start":{"line":101,"column":8},"end":{"line":104,"column":9}},"type":"if","locations":[{"start":{"line":101,"column":8},"end":{"line":104,"column":9}},{"start":{"line":101,"column":8},"end":{"line":104,"column":9}}],"line":101},"7":{"loc":{"start":{"line":106,"column":17},"end":{"line":106,"column":42}},"type":"binary-expr","locations":[{"start":{"line":106,"column":17},"end":{"line":106,"column":36}},{"start":{"line":106,"column":40},"end":{"line":106,"column":42}}],"line":106},"8":{"loc":{"start":{"line":107,"column":17},"end":{"line":107,"column":42}},"type":"binary-expr","locations":[{"start":{"line":107,"column":17},"end":{"line":107,"column":36}},{"start":{"line":107,"column":40},"end":{"line":107,"column":42}}],"line":107},"9":{"loc":{"start":{"line":120,"column":8},"end":{"line":122,"column":9}},"type":"if","locations":[{"start":{"line":120,"column":8},"end":{"line":122,"column":9}},{"start":{"line":120,"column":8},"end":{"line":122,"column":9}}],"line":120},"10":{"loc":{"start":{"line":128,"column":12},"end":{"line":130,"column":13}},"type":"if","locations":[{"start":{"line":128,"column":12},"end":{"line":130,"column":13}},{"start":{"line":128,"column":12},"end":{"line":130,"column":13}}],"line":128}},"s":{"0":5,"1":5,"2":5,"3":35,"4":60,"5":5,"6":97,"7":19,"8":19,"9":19,"10":78,"11":18,"12":18,"13":60,"14":60,"15":60,"16":100,"17":17,"18":83,"19":83,"20":83,"21":83,"22":59,"23":59,"24":86,"25":86,"26":83,"27":60,"28":78,"29":104,"30":78,"31":104,"32":78,"33":14,"34":14,"35":14,"36":14,"37":14,"38":98,"39":14,"40":84,"41":14,"42":14,"43":14,"44":14,"45":14,"46":37,"47":37,"48":37,"49":37,"50":117,"51":55,"52":37,"53":13,"54":13,"55":14,"56":14,"57":14,"58":4,"59":4,"60":4,"61":10,"62":10,"63":4,"64":6,"65":6,"66":16,"67":16,"68":16,"69":16,"70":16,"71":8,"72":6,"73":4},"f":{"0":5,"1":35,"2":60,"3":97,"4":100,"5":104,"6":104,"7":14,"8":98,"9":4},"b":{"0":[19,78],"1":[18,60],"2":[17,83],"3":[59,24],"4":[14,84],"5":[55,62],"6":[13,24],"7":[14,5],"8":[14,5],"9":[4,6],"10":[8,8]},"_coverageSchema":"43e27e138ebf9cfc5966b082cf9a028302ed4184","hash":"29dc1a3686ddcba2f981d3d1f440def561f7fa23"}
}
