{"/Users/momo/Documents/GitHub/Data-Structures-and-Algorithm-Analysis-in-TS/SourceCode/Algorithms/DynamicProgramming/OptBST.ts": {"path":"/Users/momo/Documents/GitHub/Data-Structures-and-Algorithm-Analysis-in-TS/SourceCode/Algorithms/DynamicProgramming/OptBST.ts","statementMap":{"0":{"start":{"line":9,"column":21},"end":{"line":9,"column":26}},"1":{"start":{"line":10,"column":30},"end":{"line":10,"column":32}},"2":{"start":{"line":11,"column":30},"end":{"line":11,"column":32}},"3":{"start":{"line":12,"column":4},"end":{"line":20,"column":null}},"4":{"start":{"line":12,"column":17},"end":{"line":12,"column":18}},"5":{"start":{"line":13,"column":8},"end":{"line":13,"column":null}},"6":{"start":{"line":14,"column":8},"end":{"line":14,"column":null}},"7":{"start":{"line":15,"column":8},"end":{"line":15,"column":null}},"8":{"start":{"line":16,"column":8},"end":{"line":16,"column":null}},"9":{"start":{"line":17,"column":8},"end":{"line":19,"column":null}},"10":{"start":{"line":17,"column":21},"end":{"line":17,"column":26}},"11":{"start":{"line":18,"column":12},"end":{"line":18,"column":null}},"12":{"start":{"line":21,"column":4},"end":{"line":32,"column":null}},"13":{"start":{"line":21,"column":17},"end":{"line":21,"column":18}},"14":{"start":{"line":22,"column":8},"end":{"line":31,"column":null}},"15":{"start":{"line":22,"column":24},"end":{"line":22,"column":25}},"16":{"start":{"line":23,"column":26},"end":{"line":23,"column":34}},"17":{"start":{"line":24,"column":12},"end":{"line":24,"column":null}},"18":{"start":{"line":25,"column":12},"end":{"line":30,"column":null}},"19":{"start":{"line":25,"column":25},"end":{"line":25,"column":29}},"20":{"start":{"line":26,"column":29},"end":{"line":26,"column":86}},"21":{"start":{"line":27,"column":16},"end":{"line":29,"column":null}},"22":{"start":{"line":28,"column":20},"end":{"line":28,"column":null}},"23":{"start":{"line":33,"column":4},"end":{"line":33,"column":null}},"24":{"start":{"line":8,"column":0},"end":{"line":8,"column":24}}},"fnMap":{"0":{"name":"optBST","decl":{"start":{"line":8,"column":24},"end":{"line":8,"column":30}},"loc":{"start":{"line":8,"column":44},"end":{"line":34,"column":1}}}},"branchMap":{"0":{"loc":{"start":{"line":27,"column":16},"end":{"line":29,"column":null}},"type":"if","locations":[{"start":{"line":27,"column":16},"end":{"line":29,"column":null}},{"start":{"line":27,"column":16},"end":{"line":29,"column":null}}]}},"s":{"0":1,"1":1,"2":1,"3":1,"4":1,"5":7,"6":7,"7":7,"8":7,"9":7,"10":7,"11":21,"12":1,"13":1,"14":6,"15":6,"16":21,"17":21,"18":21,"19":21,"20":56,"21":56,"22":34,"23":1,"24":1},"f":{"0":1},"b":{"0":[34,22]}}
,"/Users/momo/Documents/GitHub/Data-Structures-and-Algorithm-Analysis-in-TS/SourceCode/Algorithms/DynamicProgramming/OptMatrix.ts": {"path":"/Users/momo/Documents/GitHub/Data-Structures-and-Algorithm-Analysis-in-TS/SourceCode/Algorithms/DynamicProgramming/OptMatrix.ts","statementMap":{"0":{"start":{"line":4,"column":30},"end":{"line":4,"column":32}},"1":{"start":{"line":5,"column":21},"end":{"line":5,"column":28}},"2":{"start":{"line":6,"column":4},"end":{"line":8,"column":null}},"3":{"start":{"line":7,"column":8},"end":{"line":7,"column":null}},"4":{"start":{"line":9,"column":4},"end":{"line":11,"column":null}},"5":{"start":{"line":10,"column":8},"end":{"line":10,"column":null}},"6":{"start":{"line":12,"column":4},"end":{"line":15,"column":null}},"7":{"start":{"line":12,"column":17},"end":{"line":12,"column":18}},"8":{"start":{"line":13,"column":8},"end":{"line":13,"column":null}},"9":{"start":{"line":14,"column":8},"end":{"line":14,"column":null}},"10":{"start":{"line":16,"column":4},"end":{"line":27,"column":null}},"11":{"start":{"line":16,"column":17},"end":{"line":16,"column":18}},"12":{"start":{"line":17,"column":8},"end":{"line":26,"column":null}},"13":{"start":{"line":17,"column":24},"end":{"line":17,"column":25}},"14":{"start":{"line":18,"column":26},"end":{"line":18,"column":34}},"15":{"start":{"line":19,"column":12},"end":{"line":19,"column":null}},"16":{"start":{"line":20,"column":12},"end":{"line":25,"column":null}},"17":{"start":{"line":20,"column":25},"end":{"line":20,"column":29}},"18":{"start":{"line":21,"column":30},"end":{"line":21,"column":116}},"19":{"start":{"line":22,"column":16},"end":{"line":24,"column":null}},"20":{"start":{"line":23,"column":20},"end":{"line":23,"column":null}},"21":{"start":{"line":28,"column":4},"end":{"line":28,"column":null}},"22":{"start":{"line":3,"column":0},"end":{"line":3,"column":24}}},"fnMap":{"0":{"name":"optMatrix","decl":{"start":{"line":3,"column":24},"end":{"line":3,"column":33}},"loc":{"start":{"line":3,"column":51},"end":{"line":29,"column":1}}}},"branchMap":{"0":{"loc":{"start":{"line":6,"column":4},"end":{"line":8,"column":null}},"type":"if","locations":[{"start":{"line":6,"column":4},"end":{"line":8,"column":null}},{"start":{"line":6,"column":4},"end":{"line":8,"column":null}}]},"1":{"loc":{"start":{"line":9,"column":4},"end":{"line":11,"column":null}},"type":"if","locations":[{"start":{"line":9,"column":4},"end":{"line":11,"column":null}},{"start":{"line":9,"column":4},"end":{"line":11,"column":null}}]},"2":{"loc":{"start":{"line":22,"column":16},"end":{"line":24,"column":null}},"type":"if","locations":[{"start":{"line":22,"column":16},"end":{"line":24,"column":null}},{"start":{"line":22,"column":16},"end":{"line":24,"column":null}}]}},"s":{"0":3,"1":3,"2":3,"3":1,"4":2,"5":1,"6":1,"7":1,"8":4,"9":4,"10":1,"11":1,"12":4,"13":4,"14":6,"15":6,"16":6,"17":6,"18":10,"19":10,"20":6,"21":1,"22":1},"f":{"0":3},"b":{"0":[1,2],"1":[1,1],"2":[6,4]}}
}
