TN:
SF:SourceCode/Graph/DirectedGraph.ts
FN:6,(anonymous_0)
FN:10,(anonymous_1)
FN:14,(anonymous_2)
FNF:3
FNH:3
FNDA:15,(anonymous_0)
FNDA:210,(anonymous_1)
FNDA:24,(anonymous_2)
DA:3,7
DA:5,7
DA:7,15
DA:11,210
DA:15,24
LF:5
LH:5
BRF:0
BRH:0
end_of_record
TN:
SF:SourceCode/Graph/EulerPath.ts
FN:5,dfs
FN:21,(anonymous_1)
FN:31,eulerPath
FN:35,(anonymous_3)
FN:71,(anonymous_4)
FNF:5
FNH:5
FNDA:26,dfs
FNDA:44,(anonymous_1)
FNDA:3,eulerPath
FNDA:18,(anonymous_3)
FNDA:24,(anonymous_4)
DA:13,26
DA:14,26
DA:15,26
DA:16,8
DA:17,3
DA:20,23
DA:21,23
DA:22,44
DA:23,22
DA:25,22
DA:26,22
DA:28,23
DA:31,1
DA:32,3
DA:33,3
DA:34,3
DA:35,3
DA:36,18
DA:37,18
DA:38,18
DA:39,6
DA:42,3
DA:44,3
DA:45,1
DA:46,2
DA:47,1
DA:49,1
DA:51,2
DA:52,2
DA:53,2
DA:54,4
DA:55,4
DA:56,4
DA:57,4
DA:58,4
DA:59,4
DA:60,22
DA:61,22
DA:62,2
DA:63,2
DA:66,4
DA:67,2
DA:71,24
LF:43
LH:43
BRDA:15,0,0,8
BRDA:15,0,1,18
BRDA:16,1,0,3
BRDA:16,1,1,5
BRDA:22,2,0,22
BRDA:22,2,1,22
BRDA:38,3,0,6
BRDA:38,3,1,12
BRDA:44,4,0,1
BRDA:44,4,1,2
BRDA:46,5,0,1
BRDA:46,5,1,1
BRDA:56,6,0,4
BRDA:56,6,1,0
BRDA:61,7,0,2
BRDA:61,7,1,20
BRDA:66,8,0,2
BRDA:66,8,1,2
BRF:18
BRH:17
end_of_record
TN:
SF:SourceCode/Graph/TopSort.ts
FN:6,topSort
FN:12,(anonymous_1)
FN:23,(anonymous_2)
FNF:3
FNH:3
FNDA:2,topSort
FNDA:14,(anonymous_1)
FNDA:11,(anonymous_2)
DA:3,1
DA:6,1
DA:7,2
DA:8,2
DA:9,2
DA:10,2
DA:11,2
DA:12,2
DA:13,14
DA:14,14
DA:15,1
DA:17,14
DA:19,2
DA:20,7
DA:21,7
DA:22,7
DA:23,7
DA:24,11
DA:25,11
DA:26,6
DA:30,2
DA:31,1
DA:33,1
LF:23
LH:23
BRDA:14,0,0,1
BRDA:14,0,1,13
BRDA:25,1,0,6
BRDA:25,1,1,5
BRDA:30,2,0,1
BRDA:30,2,1,1
BRF:6
BRH:6
end_of_record
TN:
SF:SourceCode/Graph/UndirectedGraph.ts
FN:6,(anonymous_0)
FN:10,(anonymous_1)
FN:21,(anonymous_2)
FNF:3
FNH:3
FNDA:9,(anonymous_0)
FNDA:104,(anonymous_1)
FNDA:33,(anonymous_2)
DA:3,5
DA:5,5
DA:7,9
DA:11,104
DA:12,1
DA:14,103
DA:15,103
DA:16,1
DA:18,102
DA:19,102
DA:22,33
DA:23,1
DA:25,32
DA:26,32
DA:27,3
DA:29,29
DA:30,29
LF:17
LH:17
BRDA:11,0,0,1
BRDA:11,0,1,103
BRDA:15,1,0,1
BRDA:15,1,1,102
BRDA:22,2,0,1
BRDA:22,2,1,32
BRDA:26,3,0,3
BRDA:26,3,1,29
BRF:8
BRH:8
end_of_record
TN:
SF:SourceCode/List/LinkedList/LinkedList.ts
FN:12,(anonymous_0)
FN:16,(anonymous_1)
FN:19,(anonymous_2)
FN:22,(anonymous_3)
FN:32,(anonymous_4)
FN:41,(anonymous_5)
FN:52,(anonymous_6)
FN:53,(anonymous_7)
FNF:8
FNH:8
FNDA:174,(anonymous_0)
FNDA:6,(anonymous_1)
FNDA:3,(anonymous_2)
FNDA:498,(anonymous_3)
FNDA:416,(anonymous_4)
FNDA:81,(anonymous_5)
FNDA:267,(anonymous_6)
FNDA:798,(anonymous_7)
DA:3,12
DA:9,12
DA:13,174
DA:14,174
DA:17,6
DA:20,3
DA:23,498
DA:24,498
DA:25,613
DA:26,82
DA:28,531
DA:30,498
DA:33,416
DA:34,416
DA:35,416
DA:36,416
DA:37,416
DA:38,416
DA:39,416
DA:42,81
DA:43,81
DA:44,178
DA:45,81
DA:46,81
DA:48,97
DA:50,81
DA:53,267
DA:54,798
DA:55,531
DA:56,531
DA:59,267
LF:31
LH:31
BRDA:25,0,0,82
BRDA:25,0,1,531
BRDA:33,1,0,1
BRDA:33,1,1,415
BRDA:44,2,0,81
BRDA:44,2,1,97
BRDA:54,3,0,531
BRDA:54,3,1,267
BRF:8
BRH:8
end_of_record
TN:
SF:Tests/Graph/EdgeData.ts
FNF:0
FNH:0
DA:3,11
DA:20,11
DA:38,11
DA:51,11
DA:65,11
DA:81,11
LF:6
LH:6
BRF:0
BRH:0
end_of_record
