TN:
SF:/Users/momo/Documents/GitHub/data-structures-algorithm-typescript/SourceCode/shared/util.ts
FN:3,compareFn
FN:4,(anonymous_1)
FN:19,generateRandomKeys
FN:35,swap
FN:41,midian3
FN:59,generateRandomNumberArray
FNF:6
FNH:6
FNDA:6,compareFn
FNDA:8,(anonymous_1)
FNDA:2,generateRandomKeys
FNDA:566424,swap
FNDA:33773,midian3
FNDA:9,generateRandomNumberArray
DA:4,6
DA:5,8
DA:6,5
DA:7,2
DA:9,3
DA:11,3
DA:12,2
DA:14,1
DA:20,2
DA:21,1
DA:23,1
DA:24,1
DA:25,14
DA:26,14
DA:27,28
DA:28,28
DA:30,14
DA:32,1
DA:36,566424
DA:37,566424
DA:38,566424
DA:42,33773
DA:43,1
DA:45,33772
DA:46,33772
DA:47,15095
DA:49,33772
DA:50,9589
DA:52,33772
DA:53,19099
DA:55,33772
DA:56,33772
DA:60,9
DA:61,9
DA:62,9
DA:63,9
DA:64,9
DA:65,9
DA:66,600101
DA:67,600101
DA:69,9
DA:70,9
DA:71,9
LF:43
LH:43
BRDA:3,0,0,2
BRDA:5,1,0,5
BRDA:5,1,1,3
BRDA:6,2,0,2
BRDA:6,2,1,3
BRDA:11,3,0,2
BRDA:11,3,1,1
BRDA:20,4,0,1
BRDA:20,4,1,1
BRDA:41,5,0,7
BRDA:41,6,0,7
BRDA:42,7,0,1
BRDA:42,7,1,33772
BRDA:46,8,0,15095
BRDA:46,8,1,18677
BRDA:49,9,0,9589
BRDA:49,9,1,24183
BRDA:52,10,0,19099
BRDA:52,10,1,14673
BRF:19
BRH:19
end_of_record
